TN:
SF:./dest/nsquared-ng-utils.js
FN:2,(anonymous_1)
FN:4,(anonymous_2)
FN:6,(anonymous_3)
FN:13,(anonymous_4)
FN:15,(anonymous_5)
FN:17,(anonymous_6)
FN:19,(anonymous_7)
FN:22,(anonymous_8)
FN:23,(anonymous_9)
FN:43,(anonymous_10)
FN:45,(anonymous_11)
FN:47,(anonymous_12)
FN:49,(anonymous_13)
FN:52,(anonymous_14)
FN:53,(anonymous_15)
FN:73,(anonymous_16)
FN:75,(anonymous_17)
FN:77,(anonymous_18)
FN:78,(anonymous_19)
FN:81,(anonymous_20)
FN:82,(anonymous_21)
FN:141,(anonymous_22)
FN:143,(anonymous_23)
FN:145,(anonymous_24)
FN:146,(anonymous_25)
FN:149,(anonymous_26)
FN:150,(anonymous_27)
FN:162,_valid
FN:165,_cal
FN:201,(anonymous_30)
FN:203,(anonymous_31)
FN:205,(anonymous_32)
FN:207,(anonymous_33)
FN:210,(anonymous_34)
FN:211,removeWhitespace
FN:227,(anonymous_36)
FN:229,(anonymous_37)
FN:231,(anonymous_38)
FN:232,(anonymous_39)
FN:233,NumberFitLengthFilter
FN:235,(anonymous_41)
FN:236,(anonymous_42)
FN:258,(anonymous_43)
FN:260,(anonymous_44)
FN:262,(anonymous_45)
FN:263,(anonymous_46)
FN:264,PriceFilter
FN:266,(anonymous_48)
FN:267,(anonymous_49)
FN:281,(anonymous_50)
FN:282,ZeroToNullFilter
FN:284,(anonymous_52)
FN:285,(anonymous_53)
FN:301,(anonymous_54)
FN:303,(anonymous_55)
FN:305,(anonymous_56)
FN:306,(anonymous_57)
FN:307,RangeFilter
FN:309,(anonymous_59)
FN:310,(anonymous_60)
FN:328,(anonymous_61)
FN:330,(anonymous_62)
FN:332,(anonymous_63)
FN:333,(anonymous_64)
FN:334,ReverseFilter
FN:336,(anonymous_66)
FN:337,(anonymous_67)
FNF:67
FNH:37
FNDA:1,(anonymous_1)
FNDA:1,(anonymous_2)
FNDA:1,(anonymous_3)
FNDA:1,(anonymous_4)
FNDA:1,(anonymous_5)
FNDA:1,(anonymous_6)
FNDA:0,(anonymous_7)
FNDA:0,(anonymous_8)
FNDA:0,(anonymous_9)
FNDA:1,(anonymous_10)
FNDA:1,(anonymous_11)
FNDA:1,(anonymous_12)
FNDA:0,(anonymous_13)
FNDA:0,(anonymous_14)
FNDA:0,(anonymous_15)
FNDA:1,(anonymous_16)
FNDA:1,(anonymous_17)
FNDA:1,(anonymous_18)
FNDA:0,(anonymous_19)
FNDA:0,(anonymous_20)
FNDA:0,(anonymous_21)
FNDA:1,(anonymous_22)
FNDA:1,(anonymous_23)
FNDA:1,(anonymous_24)
FNDA:0,(anonymous_25)
FNDA:0,(anonymous_26)
FNDA:0,(anonymous_27)
FNDA:0,_valid
FNDA:0,_cal
FNDA:1,(anonymous_30)
FNDA:1,(anonymous_31)
FNDA:1,(anonymous_32)
FNDA:0,(anonymous_33)
FNDA:0,(anonymous_34)
FNDA:0,removeWhitespace
FNDA:1,(anonymous_36)
FNDA:1,(anonymous_37)
FNDA:1,(anonymous_38)
FNDA:1,(anonymous_39)
FNDA:0,NumberFitLengthFilter
FNDA:0,(anonymous_41)
FNDA:0,(anonymous_42)
FNDA:1,(anonymous_43)
FNDA:1,(anonymous_44)
FNDA:1,(anonymous_45)
FNDA:1,(anonymous_46)
FNDA:0,PriceFilter
FNDA:0,(anonymous_48)
FNDA:0,(anonymous_49)
FNDA:1,(anonymous_50)
FNDA:0,ZeroToNullFilter
FNDA:0,(anonymous_52)
FNDA:0,(anonymous_53)
FNDA:1,(anonymous_54)
FNDA:1,(anonymous_55)
FNDA:1,(anonymous_56)
FNDA:1,(anonymous_57)
FNDA:0,RangeFilter
FNDA:0,(anonymous_59)
FNDA:0,(anonymous_60)
FNDA:1,(anonymous_61)
FNDA:1,(anonymous_62)
FNDA:1,(anonymous_63)
FNDA:1,(anonymous_64)
FNDA:0,ReverseFilter
FNDA:1,(anonymous_66)
FNDA:1,(anonymous_67)
DA:1,1
DA:2,1
DA:3,1
DA:4,1
DA:5,1
DA:6,1
DA:7,1
DA:12,1
DA:13,1
DA:14,1
DA:15,1
DA:16,1
DA:17,1
DA:18,1
DA:19,1
DA:20,0
DA:23,0
DA:24,0
DA:26,0
DA:27,0
DA:31,0
DA:32,0
DA:42,1
DA:43,1
DA:44,1
DA:45,1
DA:46,1
DA:47,1
DA:48,1
DA:49,1
DA:50,0
DA:53,0
DA:54,0
DA:56,0
DA:57,0
DA:61,0
DA:62,0
DA:72,1
DA:73,1
DA:74,1
DA:75,1
DA:76,1
DA:77,1
DA:78,1
DA:79,0
DA:82,0
DA:83,0
DA:84,0
DA:85,0
DA:86,0
DA:88,0
DA:89,0
DA:90,0
DA:92,0
DA:93,0
DA:94,0
DA:96,0
DA:97,0
DA:98,0
DA:101,0
DA:102,0
DA:103,0
DA:104,0
DA:107,0
DA:111,0
DA:112,0
DA:113,0
DA:116,0
DA:117,0
DA:118,0
DA:119,0
DA:120,0
DA:121,0
DA:122,0
DA:123,0
DA:124,0
DA:125,0
DA:126,0
DA:129,0
DA:130,0
DA:140,1
DA:141,1
DA:142,1
DA:143,1
DA:144,1
DA:145,1
DA:146,1
DA:147,0
DA:150,0
DA:152,0
DA:153,0
DA:154,0
DA:157,0
DA:158,0
DA:159,0
DA:160,0
DA:162,1
DA:163,0
DA:165,1
DA:166,0
DA:167,0
DA:168,0
DA:169,0
DA:171,0
DA:173,0
DA:174,0
DA:175,0
DA:176,0
DA:177,0
DA:178,0
DA:180,0
DA:181,0
DA:182,0
DA:183,0
DA:184,0
DA:185,0
DA:189,0
DA:190,0
DA:191,0
DA:200,1
DA:201,1
DA:202,1
DA:203,1
DA:204,1
DA:205,1
DA:206,1
DA:207,1
DA:208,0
DA:211,1
DA:212,0
DA:213,0
DA:215,0
DA:217,0
DA:218,0
DA:226,1
DA:227,1
DA:228,1
DA:229,1
DA:230,1
DA:231,1
DA:232,1
DA:233,1
DA:235,1
DA:236,0
DA:237,0
DA:238,0
DA:239,0
DA:240,0
DA:242,0
DA:243,0
DA:244,0
DA:246,0
DA:249,1
DA:251,1
DA:252,1
DA:257,1
DA:258,1
DA:259,1
DA:260,1
DA:261,1
DA:262,1
DA:263,1
DA:264,1
DA:266,1
DA:267,0
DA:268,0
DA:269,0
DA:271,0
DA:272,0
DA:273,0
DA:275,0
DA:278,1
DA:280,1
DA:281,1
DA:282,1
DA:284,1
DA:285,0
DA:286,0
DA:287,0
DA:289,0
DA:292,1
DA:294,1
DA:295,1
DA:300,1
DA:301,1
DA:302,1
DA:303,1
DA:304,1
DA:305,1
DA:306,1
DA:307,1
DA:309,1
DA:310,0
DA:311,0
DA:312,0
DA:313,0
DA:314,0
DA:316,0
DA:319,1
DA:321,1
DA:322,1
DA:327,1
DA:328,1
DA:329,1
DA:330,1
DA:331,1
DA:332,1
DA:333,1
DA:334,1
DA:336,1
DA:337,1
DA:338,1
DA:341,1
DA:343,1
DA:344,1
LF:215
LH:103
BRDA:8,1,0,1
BRDA:8,1,1,1
BRDA:9,2,0,1
BRDA:9,2,1,1
BRDA:10,3,0,1
BRDA:10,3,1,1
BRDA:24,4,0,0
BRDA:24,4,1,0
BRDA:38,5,0,1
BRDA:38,5,1,0
BRDA:39,6,0,1
BRDA:39,6,1,0
BRDA:40,7,0,1
BRDA:40,7,1,0
BRDA:54,8,0,0
BRDA:54,8,1,0
BRDA:68,9,0,1
BRDA:68,9,1,0
BRDA:69,10,0,1
BRDA:69,10,1,0
BRDA:70,11,0,1
BRDA:70,11,1,0
BRDA:88,12,0,0
BRDA:88,12,1,0
BRDA:92,13,0,0
BRDA:92,13,1,0
BRDA:92,14,0,0
BRDA:92,14,1,0
BRDA:96,15,0,0
BRDA:96,15,1,0
BRDA:96,16,0,0
BRDA:96,16,1,0
BRDA:102,17,0,0
BRDA:102,17,1,0
BRDA:102,18,0,0
BRDA:102,18,1,0
BRDA:111,19,0,0
BRDA:111,19,1,0
BRDA:124,20,0,0
BRDA:124,20,1,0
BRDA:136,21,0,1
BRDA:136,21,1,0
BRDA:137,22,0,1
BRDA:137,22,1,0
BRDA:138,23,0,1
BRDA:138,23,1,0
BRDA:152,24,0,0
BRDA:152,24,1,0
BRDA:158,25,0,0
BRDA:158,25,1,0
BRDA:163,26,0,0
BRDA:163,26,1,0
BRDA:181,27,0,0
BRDA:181,27,1,0
BRDA:182,28,0,0
BRDA:182,28,1,0
BRDA:185,29,0,0
BRDA:185,29,1,0
BRDA:191,30,0,0
BRDA:191,30,1,0
BRDA:196,31,0,1
BRDA:196,31,1,0
BRDA:197,32,0,1
BRDA:197,32,1,0
BRDA:198,33,0,1
BRDA:198,33,1,0
BRDA:212,34,0,0
BRDA:212,34,1,0
BRDA:222,35,0,1
BRDA:222,35,1,0
BRDA:223,36,0,1
BRDA:223,36,1,0
BRDA:224,37,0,1
BRDA:224,37,1,0
BRDA:239,38,0,0
BRDA:239,38,1,0
BRDA:239,39,0,0
BRDA:239,39,1,0
BRDA:253,40,0,1
BRDA:253,40,1,0
BRDA:254,41,0,1
BRDA:254,41,1,0
BRDA:255,42,0,1
BRDA:255,42,1,0
BRDA:268,43,0,0
BRDA:268,43,1,0
BRDA:272,44,0,0
BRDA:272,44,1,0
BRDA:286,45,0,0
BRDA:286,45,1,0
BRDA:296,46,0,1
BRDA:296,46,1,0
BRDA:297,47,0,1
BRDA:297,47,1,0
BRDA:298,48,0,1
BRDA:298,48,1,0
BRDA:323,49,0,1
BRDA:323,49,1,0
BRDA:324,50,0,1
BRDA:324,50,1,0
BRDA:325,51,0,1
BRDA:325,51,1,0
BRDA:345,52,0,1
BRDA:345,52,1,0
BRDA:346,53,0,1
BRDA:346,53,1,0
BRDA:347,54,0,1
BRDA:347,54,1,0
BRF:108
BRH:33
end_of_record
